<?xml version="1.0" encoding="UTF-8"?>
<!-- Generated by org.testng.reporters.JUnitReportReporter -->
<testsuite skipped="0" hostname="EG5CG9024YKL" name="test.LoginTest" tests="3" failures="0" timestamp="2020-08-11T23:19:30 EET" time="44.368" errors="0">
  <testcase name="signUpProcess" time="21.672" classname="test.LoginTest"/>
  <system-out/>
  <testcase name="logOut" time="13.575" classname="test.LoginTest"/>
  <system-out/>
  <testcase name="login" time="9.121" classname="test.LoginTest"/>
  <system-out/>
</testsuite> <!-- test.LoginTest -->
